2021-12-09 18:26:29,100 DEBUG [main] InternalLoggerFactory:89 - Using Log4J as the default logging framework
2021-12-09 18:26:29,142 DEBUG [main] ResourceLeakDetector:129 - -Dio.netty.leakDetection.level: simple
2021-12-09 18:26:29,142 DEBUG [main] ResourceLeakDetector:130 - -Dio.netty.leakDetection.targetRecords: 4
2021-12-09 18:26:29,174 DEBUG [main] ResourceLeakDetectorFactory:196 - Loaded default ResourceLeakDetector: io.netty.util.ResourceLeakDetector@2ea41516
2021-12-09 18:26:29,207 DEBUG [main] PlatformDependent0:460 - -Dio.netty.noUnsafe: false
2021-12-09 18:26:29,209 DEBUG [main] PlatformDependent0:954 - Java version: 17
2021-12-09 18:26:29,214 DEBUG [main] PlatformDependent0:135 - sun.misc.Unsafe.theUnsafe: available
2021-12-09 18:26:29,216 DEBUG [main] PlatformDependent0:159 - sun.misc.Unsafe.copyMemory: available
2021-12-09 18:26:29,218 DEBUG [main] PlatformDependent0:202 - java.nio.Buffer.address: available
2021-12-09 18:26:29,219 DEBUG [main] PlatformDependent0:285 - direct buffer constructor: unavailable: Reflective setAccessible(true) disabled
2021-12-09 18:26:29,221 DEBUG [main] PlatformDependent0:350 - java.nio.Bits.unaligned: available, true
2021-12-09 18:26:29,223 DEBUG [main] PlatformDependent0:417 - jdk.internal.misc.Unsafe.allocateUninitializedArray(int): unavailable: class io.netty.util.internal.PlatformDependent0$6 cannot access class jdk.internal.misc.Unsafe (in module java.base) because module java.base does not export jdk.internal.misc to unnamed module @75881071
2021-12-09 18:26:29,231 DEBUG [main] PlatformDependent0:446 - java.nio.DirectByteBuffer.<init>(long, int): unavailable
2021-12-09 18:26:29,232 DEBUG [main] PlatformDependent:1103 - sun.misc.Unsafe: available
2021-12-09 18:26:29,466 DEBUG [main] PlatformDependent:1205 - maxDirectMemory: 1998585856 bytes (maybe)
2021-12-09 18:26:29,467 DEBUG [main] PlatformDependent:1224 - -Dio.netty.tmpdir: C:\Users\Lenovo\AppData\Local\Temp (java.io.tmpdir)
2021-12-09 18:26:29,469 DEBUG [main] PlatformDependent:1303 - -Dio.netty.bitMode: 64 (sun.arch.data.model)
2021-12-09 18:26:29,471 DEBUG [main] PlatformDependent:1063 - Platform: Windows
2021-12-09 18:26:29,473 DEBUG [main] PlatformDependent:178 - -Dio.netty.maxDirectMemory: -1 bytes
2021-12-09 18:26:29,474 DEBUG [main] PlatformDependent:185 - -Dio.netty.uninitializedArrayAllocationThreshold: -1
2021-12-09 18:26:29,476 DEBUG [main] CleanerJava9:71 - java.nio.ByteBuffer.cleaner(): available
2021-12-09 18:26:29,477 DEBUG [main] PlatformDependent:205 - -Dio.netty.noPreferDirect: false
2021-12-09 18:26:29,506 DEBUG [main] PlatformDependent:967 - org.jctools-core.MpscChunkedArrayQueue: available
2021-12-09 18:26:29,623 DEBUG [main] InternalThreadLocalMap:83 - -Dio.netty.threadLocalMap.stringBuilder.initialSize: 1024
2021-12-09 18:26:29,624 DEBUG [main] InternalThreadLocalMap:86 - -Dio.netty.threadLocalMap.stringBuilder.maxSize: 4096
2021-12-09 18:26:29,940 DEBUG [main] JdkSslContext:97 - Default protocols (JDK): [TLSv1.3, TLSv1.2] 
2021-12-09 18:26:29,941 DEBUG [main] JdkSslContext:98 - Default cipher suites (JDK): [TLS_ECDHE_ECDSA_WITH_AES_256_GCM_SHA384, TLS_ECDHE_ECDSA_WITH_AES_128_GCM_SHA256, TLS_ECDHE_RSA_WITH_AES_128_GCM_SHA256, TLS_ECDHE_RSA_WITH_AES_256_GCM_SHA384, TLS_ECDHE_RSA_WITH_AES_128_CBC_SHA, TLS_ECDHE_RSA_WITH_AES_256_CBC_SHA, TLS_RSA_WITH_AES_128_GCM_SHA256, TLS_RSA_WITH_AES_128_CBC_SHA, TLS_RSA_WITH_AES_256_CBC_SHA, TLS_AES_128_GCM_SHA256, TLS_AES_256_GCM_SHA384]
2021-12-09 18:26:30,022 DEBUG [main] MultithreadEventLoopGroup:44 - -Dio.netty.eventLoopThreads: 8
2021-12-09 18:26:30,070 DEBUG [main] NioEventLoop:106 - -Dio.netty.noKeySetOptimization: false
2021-12-09 18:26:30,071 DEBUG [main] NioEventLoop:107 - -Dio.netty.selectorAutoRebuildThreshold: 512
2021-12-09 18:26:30,244 DEBUG [main] PooledByteBufAllocator:155 - -Dio.netty.allocator.numHeapArenas: 8
2021-12-09 18:26:30,244 DEBUG [main] PooledByteBufAllocator:156 - -Dio.netty.allocator.numDirectArenas: 8
2021-12-09 18:26:30,245 DEBUG [main] PooledByteBufAllocator:158 - -Dio.netty.allocator.pageSize: 8192
2021-12-09 18:26:30,245 DEBUG [main] PooledByteBufAllocator:163 - -Dio.netty.allocator.maxOrder: 11
2021-12-09 18:26:30,246 DEBUG [main] PooledByteBufAllocator:167 - -Dio.netty.allocator.chunkSize: 16777216
2021-12-09 18:26:30,246 DEBUG [main] PooledByteBufAllocator:168 - -Dio.netty.allocator.smallCacheSize: 256
2021-12-09 18:26:30,247 DEBUG [main] PooledByteBufAllocator:169 - -Dio.netty.allocator.normalCacheSize: 64
2021-12-09 18:26:30,247 DEBUG [main] PooledByteBufAllocator:170 - -Dio.netty.allocator.maxCachedBufferCapacity: 32768
2021-12-09 18:26:30,248 DEBUG [main] PooledByteBufAllocator:171 - -Dio.netty.allocator.cacheTrimInterval: 8192
2021-12-09 18:26:30,248 DEBUG [main] PooledByteBufAllocator:172 - -Dio.netty.allocator.cacheTrimIntervalMillis: 0
2021-12-09 18:26:30,249 DEBUG [main] PooledByteBufAllocator:173 - -Dio.netty.allocator.useCacheForAllThreads: true
2021-12-09 18:26:30,249 DEBUG [main] PooledByteBufAllocator:174 - -Dio.netty.allocator.maxCachedByteBuffersPerChunk: 1023
2021-12-09 18:26:30,285 DEBUG [main] ByteBufUtil:87 - -Dio.netty.allocator.type: pooled
2021-12-09 18:26:30,286 DEBUG [main] ByteBufUtil:96 - -Dio.netty.threadLocalDirectBufferSize: 0
2021-12-09 18:26:30,286 DEBUG [main] ByteBufUtil:99 - -Dio.netty.maxThreadLocalCharBufferSize: 16384
2021-12-09 18:26:48,479 DEBUG [Forwarding newSession on session null to remote] DefaultChannelId:79 - -Dio.netty.processId: 14784 (auto-detected)
2021-12-09 18:26:48,492 DEBUG [Forwarding newSession on session null to remote] NetUtil:135 - -Djava.net.preferIPv4Stack: false
2021-12-09 18:26:48,492 DEBUG [Forwarding newSession on session null to remote] NetUtil:136 - -Djava.net.preferIPv6Addresses: false
2021-12-09 18:26:48,510 DEBUG [Forwarding newSession on session null to remote] NetUtilInitializations:129 - Loopback interface: lo (Software Loopback Interface 1, 127.0.0.1)
2021-12-09 18:26:48,511 DEBUG [Forwarding newSession on session null to remote] NetUtil:187 - Failed to get SOMAXCONN from sysctl and file \proc\sys\net\core\somaxconn. Default: 200
2021-12-09 18:26:48,544 DEBUG [Forwarding newSession on session null to remote] DefaultChannelId:101 - -Dio.netty.machineId: cc:b0:da:ff:fe:a5:82:99 (auto-detected)
2021-12-09 18:26:48,848 DEBUG [AsyncHttpClient-1-2] AbstractByteBuf:63 - -Dio.netty.buffer.checkAccessible: true
2021-12-09 18:26:48,848 DEBUG [AsyncHttpClient-1-2] AbstractByteBuf:64 - -Dio.netty.buffer.checkBounds: true
2021-12-09 18:26:48,849 DEBUG [AsyncHttpClient-1-2] ResourceLeakDetectorFactory:196 - Loaded default ResourceLeakDetector: io.netty.util.ResourceLeakDetector@299b5bae
2021-12-09 18:26:48,934 DEBUG [AsyncHttpClient-1-2] Recycler:103 - -Dio.netty.recycler.maxCapacityPerThread: 4096
2021-12-09 18:26:48,934 DEBUG [AsyncHttpClient-1-2] Recycler:104 - -Dio.netty.recycler.maxSharedCapacityFactor: 2
2021-12-09 18:26:48,935 DEBUG [AsyncHttpClient-1-2] Recycler:105 - -Dio.netty.recycler.linkCapacity: 16
2021-12-09 18:26:48,935 DEBUG [AsyncHttpClient-1-2] Recycler:106 - -Dio.netty.recycler.ratio: 8
2021-12-09 18:26:48,936 DEBUG [AsyncHttpClient-1-2] Recycler:107 - -Dio.netty.recycler.delayedQueue.ratio: 8
2021-12-09 18:27:09,715 DEBUG [AsyncHttpClient-1-2] Brotli:38 - brotli4j not in the classpath; Brotli support will be unavailable.
2021-12-09 18:27:14,242 DEBUG [main] ThreadLocalRandom:214 - -Dio.netty.initialSeedUniquifier: 0xd0118f6063b17618
2021-12-09 18:33:40,013 DEBUG [AsyncHttpClient-1-3] PoolThreadCache:224 - Freed 26 thread-local buffer(s) from thread: AsyncHttpClient-1-3
2021-12-09 18:33:40,013 DEBUG [AsyncHttpClient-1-2] PoolThreadCache:224 - Freed 28 thread-local buffer(s) from thread: AsyncHttpClient-1-2
2021-12-09 18:33:40,013 DEBUG [AsyncHttpClient-1-7] PoolThreadCache:224 - Freed 4 thread-local buffer(s) from thread: AsyncHttpClient-1-7
2021-12-09 18:33:40,013 DEBUG [AsyncHttpClient-1-9] PoolThreadCache:224 - Freed 11 thread-local buffer(s) from thread: AsyncHttpClient-1-9
